0 info it worked if it ends with ok
1 verbose cli [ 'node', '/usr/local/bin/npm', 'install', '-g', 'nodemon' ]
2 info using npm@1.3.11
3 info using node@v0.10.31
4 verbose node symlink /usr/local/bin/node
5 verbose cache add [ 'nodemon', null ]
6 verbose cache add name=undefined spec="nodemon" args=["nodemon",null]
7 verbose parsed url { protocol: null,
7 verbose parsed url   slashes: null,
7 verbose parsed url   auth: null,
7 verbose parsed url   host: null,
7 verbose parsed url   port: null,
7 verbose parsed url   hostname: null,
7 verbose parsed url   hash: null,
7 verbose parsed url   search: null,
7 verbose parsed url   query: null,
7 verbose parsed url   pathname: 'nodemon',
7 verbose parsed url   path: 'nodemon',
7 verbose parsed url   href: 'nodemon' }
8 silly lockFile 1625b929-nodemon nodemon
9 verbose lock nodemon /Users/student/.npm/1625b929-nodemon.lock
10 silly lockFile 1625b929-nodemon nodemon
11 silly lockFile 1625b929-nodemon nodemon
12 verbose addNamed [ 'nodemon', '' ]
13 verbose addNamed [ null, '*' ]
14 silly lockFile 4f5e51c6-nodemon nodemon@
15 verbose lock nodemon@ /Users/student/.npm/4f5e51c6-nodemon.lock
16 silly addNameRange { name: 'nodemon', range: '*', hasData: false }
17 verbose url raw nodemon
18 verbose url resolving [ 'https://registry.npmjs.org/', './nodemon' ]
19 verbose url resolved https://registry.npmjs.org/nodemon
20 info trying registry request attempt 1 at 17:19:22
21 verbose etag "3AU2SJYX0TSCQKM4SECNWN0LT"
22 http GET https://registry.npmjs.org/nodemon
23 http 200 https://registry.npmjs.org/nodemon
24 silly registry.get cb [ 200,
24 silly registry.get   { server: 'CouchDB/1.5.0 (Erlang OTP/R16B03)',
24 silly registry.get     etag: '"469FCT01Q7X04LT3F3EZYI2C2"',
24 silly registry.get     'content-type': 'application/json',
24 silly registry.get     'cache-control': 'max-age=60',
24 silly registry.get     'content-length': '177268',
24 silly registry.get     'accept-ranges': 'bytes',
24 silly registry.get     date: 'Tue, 20 Oct 2015 23:19:23 GMT',
24 silly registry.get     via: '1.1 varnish',
24 silly registry.get     age: '0',
24 silly registry.get     connection: 'keep-alive',
24 silly registry.get     'x-served-by': 'cache-ord1730-ORD',
24 silly registry.get     'x-cache': 'HIT',
24 silly registry.get     'x-cache-hits': '1',
24 silly registry.get     'x-timer': 'S1445383163.311245,VS0,VE75',
24 silly registry.get     vary: 'Accept' } ]
25 silly addNameRange number 2 { name: 'nodemon', range: '*', hasData: true }
26 silly addNameRange versions [ 'nodemon',
26 silly addNameRange   [ '0.1.4',
26 silly addNameRange     '0.1.5',
26 silly addNameRange     '0.1.6',
26 silly addNameRange     '0.1.7',
26 silly addNameRange     '0.1.8',
26 silly addNameRange     '0.2.0',
26 silly addNameRange     '0.2.1',
26 silly addNameRange     '0.2.2',
26 silly addNameRange     '0.3.0',
26 silly addNameRange     '0.3.1',
26 silly addNameRange     '0.3.2',
26 silly addNameRange     '0.4.0',
26 silly addNameRange     '0.4.1',
26 silly addNameRange     '0.5.0',
26 silly addNameRange     '0.5.1',
26 silly addNameRange     '0.5.2',
26 silly addNameRange     '0.5.3',
26 silly addNameRange     '0.5.4',
26 silly addNameRange     '0.5.5',
26 silly addNameRange     '0.5.6',
26 silly addNameRange     '0.5.7',
26 silly addNameRange     '0.6.0',
26 silly addNameRange     '0.6.1',
26 silly addNameRange     '0.6.2',
26 silly addNameRange     '0.6.3',
26 silly addNameRange     '0.6.4',
26 silly addNameRange     '0.6.5',
26 silly addNameRange     '0.6.6',
26 silly addNameRange     '0.6.7',
26 silly addNameRange     '0.6.8',
26 silly addNameRange     '0.6.9',
26 silly addNameRange     '0.6.10',
26 silly addNameRange     '0.6.11',
26 silly addNameRange     '0.6.12',
26 silly addNameRange     '0.6.13',
26 silly addNameRange     '0.6.14',
26 silly addNameRange     '0.6.15',
26 silly addNameRange     '0.6.16',
26 silly addNameRange     '0.6.17',
26 silly addNameRange     '0.6.18',
26 silly addNameRange     '0.6.19',
26 silly addNameRange     '0.6.20',
26 silly addNameRange     '0.6.21',
26 silly addNameRange     '0.6.22',
26 silly addNameRange     '0.6.23',
26 silly addNameRange     '0.7.0',
26 silly addNameRange     '0.7.1',
26 silly addNameRange     '0.7.2',
26 silly addNameRange     '0.7.3',
26 silly addNameRange     '0.7.4',
26 silly addNameRange     '0.7.5',
26 silly addNameRange     '0.7.6',
26 silly addNameRange     '0.7.7',
26 silly addNameRange     '0.7.8',
26 silly addNameRange     '0.7.10',
26 silly addNameRange     '0.9.0',
26 silly addNameRange     '0.9.1',
26 silly addNameRange     '0.9.2',
26 silly addNameRange     '0.9.3',
26 silly addNameRange     '0.9.5',
26 silly addNameRange     '0.9.6',
26 silly addNameRange     '0.9.7',
26 silly addNameRange     '0.9.10',
26 silly addNameRange     '0.9.11',
26 silly addNameRange     '0.9.12',
26 silly addNameRange     '0.9.14',
26 silly addNameRange     '0.9.16',
26 silly addNameRange     '0.9.17',
26 silly addNameRange     '1.0.0',
26 silly addNameRange     '1.0.1',
26 silly addNameRange     '1.0.2',
26 silly addNameRange     '1.0.2-rc',
26 silly addNameRange     '0.6.10-a',
26 silly addNameRange     '1.0.2-rc3',
26 silly addNameRange     '1.0.2-rc4',
26 silly addNameRange     '1.0.3',
26 silly addNameRange     '1.0.4',
26 silly addNameRange     '1.0.5',
26 silly addNameRange     '1.0.6',
26 silly addNameRange     '1.0.7',
26 silly addNameRange     '1.0.8',
26 silly addNameRange     '1.0.9',
26 silly addNameRange     '1.0.10',
26 silly addNameRange     '1.0.11',
26 silly addNameRange     '1.0.12',
26 silly addNameRange     '1.0.13',
26 silly addNameRange     '1.0.14',
26 silly addNameRange     '1.0.15',
26 silly addNameRange     '1.0.16',
26 silly addNameRange     '1.0.17-rc1',
26 silly addNameRange     '1.0.17-rc2',
26 silly addNameRange     '1.0.17',
26 silly addNameRange     '1.0.18',
26 silly addNameRange     '1.0.19',
26 silly addNameRange     '1.0.20',
26 silly addNameRange     '1.1.0-alpha',
26 silly addNameRange     '1.1.0',
26 silly addNameRange     '1.1.1',
26 silly addNameRange     '1.2.0',
26 silly addNameRange     '1.2.1',
26 silly addNameRange     '1.3.0-0',
26 silly addNameRange     '1.3.0-1',
26 silly addNameRange     '1.3.0-2',
26 silly addNameRange     '1.3.0-3',
26 silly addNameRange     '1.3.0-4',
26 silly addNameRange     '1.3.0-5',
26 silly addNameRange     '1.3.0-6',
26 silly addNameRange     '1.3.0-7',
26 silly addNameRange     '1.3.0',
26 silly addNameRange     '1.3.1',
26 silly addNameRange     '1.3.2',
26 silly addNameRange     '1.3.3',
26 silly addNameRange     '1.3.5',
26 silly addNameRange     '1.3.6',
26 silly addNameRange     '1.3.7',
26 silly addNameRange     '1.3.8',
26 silly addNameRange     '1.4.0',
26 silly addNameRange     '1.4.1',
26 silly addNameRange     '1.5.0-alpha1',
26 silly addNameRange     '1.5.0-alpha2',
26 silly addNameRange     '1.5.0-alpha3',
26 silly addNameRange     '1.5.0-alpha4',
26 silly addNameRange     '1.4.2',
26 silly addNameRange     '1.5.0',
26 silly addNameRange     '1.5.1',
26 silly addNameRange     '1.6.0',
26 silly addNameRange     '1.6.1',
26 silly addNameRange     '1.7.0',
26 silly addNameRange     '1.7.1',
26 silly addNameRange     '1.7.2',
26 silly addNameRange     '1.7.3' ] ]
27 verbose addNamed [ 'nodemon', '1.7.3' ]
28 verbose addNamed [ '1.7.3', '1.7.3' ]
29 silly lockFile 7454dbf6-nodemon-1-7-3 nodemon@1.7.3
30 verbose lock nodemon@1.7.3 /Users/student/.npm/7454dbf6-nodemon-1-7-3.lock
31 silly lockFile 8cdb63dd-js-org-nodemon-nodemon-1-7-3-tgz https://registry.npmjs.org/nodemon/-/nodemon-1.7.3.tgz
32 verbose lock https://registry.npmjs.org/nodemon/-/nodemon-1.7.3.tgz /Users/student/.npm/8cdb63dd-js-org-nodemon-nodemon-1-7-3-tgz.lock
33 verbose addRemoteTarball [ 'https://registry.npmjs.org/nodemon/-/nodemon-1.7.3.tgz',
33 verbose addRemoteTarball   '65cca6627c0ae9b1a3fb00fa540f5d1347250106' ]
34 info retry fetch attempt 1 at 17:19:23
35 verbose fetch to= /var/folders/q1/1t501pjx4hn9sbnvhmb8bvg80000gt/T/npm-11494-8ul886c1/1445383163534-0.8293008676264435/tmp.tgz
36 http GET https://registry.npmjs.org/nodemon/-/nodemon-1.7.3.tgz
37 http 200 https://registry.npmjs.org/nodemon/-/nodemon-1.7.3.tgz
38 verbose tar unpack /var/folders/q1/1t501pjx4hn9sbnvhmb8bvg80000gt/T/npm-11494-8ul886c1/1445383163534-0.8293008676264435/tmp.tgz
39 silly lockFile 393ebf97-63534-0-8293008676264435-package tar:///var/folders/q1/1t501pjx4hn9sbnvhmb8bvg80000gt/T/npm-11494-8ul886c1/1445383163534-0.8293008676264435/package
40 verbose lock tar:///var/folders/q1/1t501pjx4hn9sbnvhmb8bvg80000gt/T/npm-11494-8ul886c1/1445383163534-0.8293008676264435/package /Users/student/.npm/393ebf97-63534-0-8293008676264435-package.lock
41 silly lockFile f321b271-63534-0-8293008676264435-tmp-tgz tar:///var/folders/q1/1t501pjx4hn9sbnvhmb8bvg80000gt/T/npm-11494-8ul886c1/1445383163534-0.8293008676264435/tmp.tgz
42 verbose lock tar:///var/folders/q1/1t501pjx4hn9sbnvhmb8bvg80000gt/T/npm-11494-8ul886c1/1445383163534-0.8293008676264435/tmp.tgz /Users/student/.npm/f321b271-63534-0-8293008676264435-tmp-tgz.lock
43 silly gunzTarPerm modes [ '755', '644' ]
44 silly gunzTarPerm extractEntry package.json
45 silly gunzTarPerm modified mode [ 'package.json', 436, 420 ]
46 silly gunzTarPerm extractEntry .npmignore
47 silly gunzTarPerm modified mode [ '.npmignore', 436, 420 ]
48 silly gunzTarPerm extractEntry README.md
49 silly gunzTarPerm modified mode [ 'README.md', 436, 420 ]
50 silly gunzTarPerm extractEntry .travis.yml
51 silly gunzTarPerm modified mode [ '.travis.yml', 436, 420 ]
52 silly gunzTarPerm extractEntry CODE_OF_CONDUCT.md
53 silly gunzTarPerm modified mode [ 'CODE_OF_CONDUCT.md', 436, 420 ]
54 silly gunzTarPerm extractEntry CONTRIBUTING.md
55 silly gunzTarPerm modified mode [ 'CONTRIBUTING.md', 436, 420 ]
56 silly gunzTarPerm extractEntry Dockerfile
57 silly gunzTarPerm modified mode [ 'Dockerfile', 436, 420 ]
58 silly gunzTarPerm extractEntry .jscsrc
59 silly gunzTarPerm modified mode [ '.jscsrc', 436, 420 ]
60 silly gunzTarPerm extractEntry bin/nodemon.js
61 silly gunzTarPerm modified mode [ 'bin/nodemon.js', 509, 493 ]
62 silly gunzTarPerm extractEntry doc/arch.md
63 silly gunzTarPerm modified mode [ 'doc/arch.md', 436, 420 ]
64 silly gunzTarPerm extractEntry doc/cli/authors.txt
65 silly gunzTarPerm modified mode [ 'doc/cli/authors.txt', 436, 420 ]
66 silly gunzTarPerm extractEntry doc/cli/config.txt
67 silly gunzTarPerm modified mode [ 'doc/cli/config.txt', 436, 420 ]
68 silly gunzTarPerm extractEntry doc/cli/help.txt
69 silly gunzTarPerm modified mode [ 'doc/cli/help.txt', 436, 420 ]
70 silly gunzTarPerm extractEntry doc/cli/logo.txt
71 silly gunzTarPerm modified mode [ 'doc/cli/logo.txt', 436, 420 ]
72 silly gunzTarPerm extractEntry doc/cli/topics.txt
73 silly gunzTarPerm modified mode [ 'doc/cli/topics.txt', 436, 420 ]
74 silly gunzTarPerm extractEntry doc/cli/usage.txt
75 silly gunzTarPerm modified mode [ 'doc/cli/usage.txt', 436, 420 ]
76 silly gunzTarPerm extractEntry doc/cli/whoami.txt
77 silly gunzTarPerm modified mode [ 'doc/cli/whoami.txt', 436, 420 ]
78 silly gunzTarPerm extractEntry doc/events.md
79 silly gunzTarPerm modified mode [ 'doc/events.md', 436, 420 ]
80 silly gunzTarPerm extractEntry doc/option-parsing-logic.md
81 silly gunzTarPerm modified mode [ 'doc/option-parsing-logic.md', 436, 420 ]
82 silly gunzTarPerm extractEntry doc/requireable.md
83 silly gunzTarPerm modified mode [ 'doc/requireable.md', 436, 420 ]
84 silly gunzTarPerm extractEntry doc/rules.md
85 silly gunzTarPerm modified mode [ 'doc/rules.md', 436, 420 ]
86 silly gunzTarPerm extractEntry doc/sample-nodemon.md
87 silly gunzTarPerm modified mode [ 'doc/sample-nodemon.md', 436, 420 ]
88 silly gunzTarPerm extractEntry faq.md
89 silly gunzTarPerm modified mode [ 'faq.md', 436, 420 ]
90 silly gunzTarPerm extractEntry lib/index.js
91 silly gunzTarPerm modified mode [ 'lib/index.js', 436, 420 ]
92 silly gunzTarPerm extractEntry lib/nodemon.js
93 silly gunzTarPerm modified mode [ 'lib/nodemon.js', 436, 420 ]
94 silly gunzTarPerm extractEntry lib/spawn.js
95 silly gunzTarPerm modified mode [ 'lib/spawn.js', 436, 420 ]
96 silly gunzTarPerm extractEntry lib/version.js
97 silly gunzTarPerm modified mode [ 'lib/version.js', 436, 420 ]
98 silly gunzTarPerm extractEntry lib/cli/index.js
99 silly gunzTarPerm modified mode [ 'lib/cli/index.js', 436, 420 ]
100 silly gunzTarPerm extractEntry lib/cli/parse.js
101 silly gunzTarPerm modified mode [ 'lib/cli/parse.js', 436, 420 ]
102 silly gunzTarPerm extractEntry lib/config/command.js
103 silly gunzTarPerm modified mode [ 'lib/config/command.js', 436, 420 ]
104 silly gunzTarPerm extractEntry lib/config/defaults.js
105 silly gunzTarPerm modified mode [ 'lib/config/defaults.js', 436, 420 ]
106 silly gunzTarPerm extractEntry lib/config/exec.js
107 silly gunzTarPerm modified mode [ 'lib/config/exec.js', 436, 420 ]
108 silly gunzTarPerm extractEntry lib/config/index.js
109 silly gunzTarPerm modified mode [ 'lib/config/index.js', 436, 420 ]
110 silly gunzTarPerm extractEntry lib/config/load.js
111 silly gunzTarPerm modified mode [ 'lib/config/load.js', 436, 420 ]
112 silly gunzTarPerm extractEntry lib/help/index.js
113 silly gunzTarPerm modified mode [ 'lib/help/index.js', 436, 420 ]
114 silly gunzTarPerm extractEntry lib/monitor/index.js
115 silly gunzTarPerm modified mode [ 'lib/monitor/index.js', 436, 420 ]
116 silly gunzTarPerm extractEntry lib/monitor/match.js
117 silly gunzTarPerm modified mode [ 'lib/monitor/match.js', 436, 420 ]
118 silly gunzTarPerm extractEntry lib/monitor/run.js
119 silly gunzTarPerm modified mode [ 'lib/monitor/run.js', 436, 420 ]
120 silly gunzTarPerm extractEntry lib/monitor/watch.js
121 silly gunzTarPerm modified mode [ 'lib/monitor/watch.js', 436, 420 ]
122 silly gunzTarPerm extractEntry lib/rules/add.js
123 silly gunzTarPerm modified mode [ 'lib/rules/add.js', 436, 420 ]
124 silly gunzTarPerm extractEntry lib/rules/index.js
125 silly gunzTarPerm modified mode [ 'lib/rules/index.js', 436, 420 ]
126 silly gunzTarPerm extractEntry lib/rules/parse.js
127 silly gunzTarPerm modified mode [ 'lib/rules/parse.js', 436, 420 ]
128 silly gunzTarPerm extractEntry lib/utils/bus.js
129 silly gunzTarPerm modified mode [ 'lib/utils/bus.js', 436, 420 ]
130 silly gunzTarPerm extractEntry lib/utils/clone.js
131 silly gunzTarPerm modified mode [ 'lib/utils/clone.js', 436, 420 ]
132 silly gunzTarPerm extractEntry lib/utils/colour.js
133 silly gunzTarPerm modified mode [ 'lib/utils/colour.js', 436, 420 ]
134 silly gunzTarPerm extractEntry lib/utils/index.js
135 silly gunzTarPerm modified mode [ 'lib/utils/index.js', 436, 420 ]
136 silly gunzTarPerm extractEntry lib/utils/log.js
137 silly gunzTarPerm modified mode [ 'lib/utils/log.js', 436, 420 ]
138 silly gunzTarPerm extractEntry lib/utils/merge.js
139 silly gunzTarPerm modified mode [ 'lib/utils/merge.js', 436, 420 ]
140 silly gunzTarPerm extractEntry travis_after_all.py
141 silly gunzTarPerm modified mode [ 'travis_after_all.py', 436, 420 ]
142 silly gunzTarPerm extractEntry .jshintrc
143 silly gunzTarPerm modified mode [ '.jshintrc', 436, 420 ]
144 silly gunzTarPerm extractEntry web/index.js
145 silly gunzTarPerm modified mode [ 'web/index.js', 436, 420 ]
146 silly gunzTarPerm extractEntry web/index.html
147 silly gunzTarPerm modified mode [ 'web/index.html', 436, 420 ]
148 silly gunzTarPerm extractEntry web/nodemon.svg
149 silly gunzTarPerm modified mode [ 'web/nodemon.svg', 436, 420 ]
150 silly lockFile 393ebf97-63534-0-8293008676264435-package tar:///var/folders/q1/1t501pjx4hn9sbnvhmb8bvg80000gt/T/npm-11494-8ul886c1/1445383163534-0.8293008676264435/package
151 silly lockFile 393ebf97-63534-0-8293008676264435-package tar:///var/folders/q1/1t501pjx4hn9sbnvhmb8bvg80000gt/T/npm-11494-8ul886c1/1445383163534-0.8293008676264435/package
152 silly lockFile f321b271-63534-0-8293008676264435-tmp-tgz tar:///var/folders/q1/1t501pjx4hn9sbnvhmb8bvg80000gt/T/npm-11494-8ul886c1/1445383163534-0.8293008676264435/tmp.tgz
153 silly lockFile f321b271-63534-0-8293008676264435-tmp-tgz tar:///var/folders/q1/1t501pjx4hn9sbnvhmb8bvg80000gt/T/npm-11494-8ul886c1/1445383163534-0.8293008676264435/tmp.tgz
154 verbose tar pack [ '/Users/student/.npm/nodemon/1.7.3/package.tgz',
154 verbose tar pack   '/var/folders/q1/1t501pjx4hn9sbnvhmb8bvg80000gt/T/npm-11494-8ul886c1/1445383163534-0.8293008676264435/package' ]
155 verbose tarball /Users/student/.npm/nodemon/1.7.3/package.tgz
156 verbose folder /var/folders/q1/1t501pjx4hn9sbnvhmb8bvg80000gt/T/npm-11494-8ul886c1/1445383163534-0.8293008676264435/package
157 silly lockFile 393ebf97-63534-0-8293008676264435-package tar:///var/folders/q1/1t501pjx4hn9sbnvhmb8bvg80000gt/T/npm-11494-8ul886c1/1445383163534-0.8293008676264435/package
158 verbose lock tar:///var/folders/q1/1t501pjx4hn9sbnvhmb8bvg80000gt/T/npm-11494-8ul886c1/1445383163534-0.8293008676264435/package /Users/student/.npm/393ebf97-63534-0-8293008676264435-package.lock
159 silly lockFile 2ef021db-nt-npm-nodemon-1-7-3-package-tgz tar:///Users/student/.npm/nodemon/1.7.3/package.tgz
160 verbose lock tar:///Users/student/.npm/nodemon/1.7.3/package.tgz /Users/student/.npm/2ef021db-nt-npm-nodemon-1-7-3-package-tgz.lock
161 silly lockFile 393ebf97-63534-0-8293008676264435-package tar:///var/folders/q1/1t501pjx4hn9sbnvhmb8bvg80000gt/T/npm-11494-8ul886c1/1445383163534-0.8293008676264435/package
162 silly lockFile 393ebf97-63534-0-8293008676264435-package tar:///var/folders/q1/1t501pjx4hn9sbnvhmb8bvg80000gt/T/npm-11494-8ul886c1/1445383163534-0.8293008676264435/package
163 silly lockFile 2ef021db-nt-npm-nodemon-1-7-3-package-tgz tar:///Users/student/.npm/nodemon/1.7.3/package.tgz
164 silly lockFile 2ef021db-nt-npm-nodemon-1-7-3-package-tgz tar:///Users/student/.npm/nodemon/1.7.3/package.tgz
165 silly lockFile 5bc6bf23-tudent-npm-nodemon-1-7-3-package /Users/student/.npm/nodemon/1.7.3/package
166 verbose lock /Users/student/.npm/nodemon/1.7.3/package /Users/student/.npm/5bc6bf23-tudent-npm-nodemon-1-7-3-package.lock
167 silly lockFile 5bc6bf23-tudent-npm-nodemon-1-7-3-package /Users/student/.npm/nodemon/1.7.3/package
168 silly lockFile 5bc6bf23-tudent-npm-nodemon-1-7-3-package /Users/student/.npm/nodemon/1.7.3/package
169 verbose tar unpack /Users/student/.npm/nodemon/1.7.3/package.tgz
170 silly lockFile 71941180-tudent-npm-nodemon-1-7-3-package tar:///Users/student/.npm/nodemon/1.7.3/package
171 verbose lock tar:///Users/student/.npm/nodemon/1.7.3/package /Users/student/.npm/71941180-tudent-npm-nodemon-1-7-3-package.lock
172 silly lockFile 2ef021db-nt-npm-nodemon-1-7-3-package-tgz tar:///Users/student/.npm/nodemon/1.7.3/package.tgz
173 verbose lock tar:///Users/student/.npm/nodemon/1.7.3/package.tgz /Users/student/.npm/2ef021db-nt-npm-nodemon-1-7-3-package-tgz.lock
174 silly gunzTarPerm modes [ '755', '644' ]
175 silly gunzTarPerm extractEntry package.json
176 silly gunzTarPerm extractEntry .npmignore
177 silly gunzTarPerm extractEntry README.md
178 silly gunzTarPerm extractEntry .travis.yml
179 silly gunzTarPerm extractEntry CODE_OF_CONDUCT.md
180 silly gunzTarPerm extractEntry CONTRIBUTING.md
181 silly gunzTarPerm extractEntry Dockerfile
182 silly gunzTarPerm extractEntry .jshintrc
183 silly gunzTarPerm extractEntry bin/nodemon.js
184 silly gunzTarPerm extractEntry doc/arch.md
185 silly gunzTarPerm extractEntry doc/cli/authors.txt
186 silly gunzTarPerm extractEntry doc/cli/config.txt
187 silly gunzTarPerm extractEntry doc/cli/help.txt
188 silly gunzTarPerm extractEntry doc/cli/logo.txt
189 silly gunzTarPerm extractEntry doc/cli/topics.txt
190 silly gunzTarPerm extractEntry doc/cli/usage.txt
191 silly gunzTarPerm extractEntry doc/cli/whoami.txt
192 silly gunzTarPerm extractEntry doc/events.md
193 silly gunzTarPerm extractEntry doc/option-parsing-logic.md
194 silly gunzTarPerm extractEntry doc/requireable.md
195 silly gunzTarPerm extractEntry doc/rules.md
196 silly gunzTarPerm extractEntry doc/sample-nodemon.md
197 silly gunzTarPerm extractEntry faq.md
198 silly gunzTarPerm extractEntry lib/index.js
199 silly gunzTarPerm extractEntry lib/nodemon.js
200 silly gunzTarPerm extractEntry lib/spawn.js
201 silly gunzTarPerm extractEntry lib/version.js
202 silly gunzTarPerm extractEntry lib/cli/index.js
203 silly gunzTarPerm extractEntry lib/cli/parse.js
204 silly gunzTarPerm extractEntry lib/config/command.js
205 silly gunzTarPerm extractEntry lib/config/defaults.js
206 silly gunzTarPerm extractEntry lib/config/exec.js
207 silly gunzTarPerm extractEntry lib/config/index.js
208 silly gunzTarPerm extractEntry lib/config/load.js
209 silly gunzTarPerm extractEntry lib/help/index.js
210 silly gunzTarPerm extractEntry lib/monitor/index.js
211 silly gunzTarPerm extractEntry lib/monitor/match.js
212 silly gunzTarPerm extractEntry lib/monitor/run.js
213 silly gunzTarPerm extractEntry lib/monitor/watch.js
214 silly gunzTarPerm extractEntry lib/rules/add.js
215 silly gunzTarPerm extractEntry lib/rules/index.js
216 silly gunzTarPerm extractEntry lib/rules/parse.js
217 silly gunzTarPerm extractEntry lib/utils/bus.js
218 silly gunzTarPerm extractEntry lib/utils/clone.js
219 silly gunzTarPerm extractEntry lib/utils/colour.js
220 silly gunzTarPerm extractEntry lib/utils/index.js
221 silly gunzTarPerm extractEntry lib/utils/log.js
222 silly gunzTarPerm extractEntry lib/utils/merge.js
223 silly gunzTarPerm extractEntry .jscsrc
224 silly gunzTarPerm extractEntry travis_after_all.py
225 silly gunzTarPerm extractEntry web/index.js
226 silly gunzTarPerm extractEntry web/index.html
227 silly gunzTarPerm extractEntry web/nodemon.svg
228 silly lockFile 71941180-tudent-npm-nodemon-1-7-3-package tar:///Users/student/.npm/nodemon/1.7.3/package
229 silly lockFile 71941180-tudent-npm-nodemon-1-7-3-package tar:///Users/student/.npm/nodemon/1.7.3/package
230 silly lockFile 2ef021db-nt-npm-nodemon-1-7-3-package-tgz tar:///Users/student/.npm/nodemon/1.7.3/package.tgz
231 silly lockFile 2ef021db-nt-npm-nodemon-1-7-3-package-tgz tar:///Users/student/.npm/nodemon/1.7.3/package.tgz
232 verbose chmod /Users/student/.npm/nodemon/1.7.3/package.tgz 644
233 verbose chown /Users/student/.npm/nodemon/1.7.3/package.tgz [ 506, 20 ]
234 silly lockFile 8cdb63dd-js-org-nodemon-nodemon-1-7-3-tgz https://registry.npmjs.org/nodemon/-/nodemon-1.7.3.tgz
235 silly lockFile 8cdb63dd-js-org-nodemon-nodemon-1-7-3-tgz https://registry.npmjs.org/nodemon/-/nodemon-1.7.3.tgz
236 silly lockFile 7454dbf6-nodemon-1-7-3 nodemon@1.7.3
237 silly lockFile 7454dbf6-nodemon-1-7-3 nodemon@1.7.3
238 silly lockFile 4f5e51c6-nodemon nodemon@
239 silly lockFile 4f5e51c6-nodemon nodemon@
240 silly resolved [ { name: 'nodemon',
240 silly resolved     homepage: 'http://nodemon.io',
240 silly resolved     author: { name: 'Remy Sharp', url: 'http://github.com/remy' },
240 silly resolved     bin: { nodemon: './bin/nodemon.js' },
240 silly resolved     engines: { node: '>=0.8' },
240 silly resolved     repository: { type: 'git', url: 'https://github.com/remy/nodemon.git' },
240 silly resolved     description: 'Simple monitor script for use during development of a node.js app.',
240 silly resolved     keywords:
240 silly resolved      [ 'monitor',
240 silly resolved        'development',
240 silly resolved        'restart',
240 silly resolved        'autoload',
240 silly resolved        'reload',
240 silly resolved        'terminal' ],
240 silly resolved     preferGlobal: 'true',
240 silly resolved     license: 'MIT',
240 silly resolved     main: './lib/nodemon',
240 silly resolved     scripts:
240 silly resolved      { coverage: 'istanbul cover _mocha -- --timeout 30000 --ui bdd --reporter list test/**/*.test.js',
240 silly resolved        lint: 'jscs lib/**/*.js -v',
240 silly resolved        ':spec': 'node_modules/.bin/mocha --timeout 30000 --ui bdd test/**/*.test.js',
240 silly resolved        test: 'npm run lint && npm run spec',
240 silly resolved        spec: 'for FILE in test/**/*.test.js; do echo $FILE; ./node_modules/.bin/mocha --timeout 30000 $FILE; if [ $? -ne 0 ]; then exit 1; fi; sleep 1; done',
240 silly resolved        web: 'node web',
240 silly resolved        'semantic-release': 'semantic-release pre && npm publish && semantic-release post' },
240 silly resolved     devDependencies:
240 silly resolved      { async: '1.4.2',
240 silly resolved        'coffee-script': '~1.7.1',
240 silly resolved        connect: '~2.19.1',
240 silly resolved        istanbul: '~0.2.10',
240 silly resolved        jscs: '2.1.1',
240 silly resolved        mocha: '2.3.3',
240 silly resolved        should: '~4.0.0',
240 silly resolved        'semantic-release': '4.3.5' },
240 silly resolved     dependencies:
240 silly resolved      { chokidar: '^1.2.0',
240 silly resolved        debug: '^2.2.0',
240 silly resolved        'es6-promise': '^3.0.2',
240 silly resolved        'lodash.defaults': '^3.1.2',
240 silly resolved        minimatch: '^3.0.0',
240 silly resolved        'ps-tree': '^1.0.1',
240 silly resolved        touch: '1.0.0',
240 silly resolved        undefsafe: '0.0.3',
240 silly resolved        'update-notifier': '0.5.0' },
240 silly resolved     version: '1.7.3',
240 silly resolved     readme: '![nodemon logo](http://nodemon.io/nodemon.svg)\n\n# nodemon\n\n[![Donate](https://img.shields.io/badge/donate-%20%E2%9D%A4%20-green.svg)](https://www.paypal.me/rem)\n\nFor use during development of a node.js based application.\n\nnodemon will watch the files in the directory in which nodemon was started, and if any files change, nodemon will automatically restart your node application.\n\nnodemon does **not** require *any* changes to your code or method of development. nodemon simply wraps your node application and keeps an eye on any files that have changed. Remember that nodemon is a replacement wrapper for `node`, think of it as replacing the word "node" on the command line when you run your script.\n\n[![NPM version](https://badge.fury.io/js/nodemon.svg)](https://npmjs.org/package/nodemon)\n[![Travis Status](https://travis-ci.org/remy/nodemon.svg?branch=master)](https://travis-ci.org/remy/nodemon)\n\n# Installation\n\nEither through forking or by using [npm](http://npmjs.org) (the recommended way):\n\n    npm install -g nodemon\n\nAnd nodemon will be installed in to your bin path. Note that as of npm v1, you must explicitly tell npm to install globally as nodemon is a command line utility.\n\n# Usage\n\nnodemon wraps your application, so you can pass all the arguments you would normally pass to your app:\n\n    nodemon [your node app]\n\nFor CLI options, use the `-h` (or `--help`) argument:\n\n    nodemon -h\n\nUsing nodemon is simple, if my application accepted a host and port as the arguments, I would start it as so:\n\n    nodemon ./server.js localhost 8080\n\nAny output from this script is prefixed with `[nodemon]`, otherwise all output from your application, errors included, will be echoed out as expected.\n\nnodemon also supports running and monitoring [coffee-script](http://coffeescript.org/) apps:\n\n    nodemon server.coffee\n\nIf no script is given, nodemon will test for a `package.json` file and if found, will run the file associated with the *main* property ([ref](https://github.com/remy/nodemon/issues/14)).\n\nYou can also pass the debug flag to node through the command line as you would normally:\n\n    nodemon --debug ./server.js 80\n\nIf you have a `package.json` file for your app, you can omit the main script entirely and nodemon will read the `package.json` for the `main` property and use that value as the app.\n\nnodemon will also search for the `scripts.start` property in `package.json` (as of nodemon 1.1.x).\n\nAlso check out the [FAQ](https://github.com/remy/nodemon/blob/master/faq.md) or [issues](https://github.com/remy/nodemon/issues) for nodemon.\n\n## Automatic re-running\n\nnodemon was originally written to restart hanging processes such as web servers, but now supports apps that cleanly exit. If your script exits cleanly, nodemon will continue to monitor the directory (or directories) and restart the script if there are any changes.\n\n## Manual restarting\n\nWhilst nodemon is running, if you need to manually restart your application, instead of stopping and restart nodemon, you can simply type `rs` with a carriage return, and nodemon will restart your process.\n\n## Config files\n\nnodemon supports local and global configuration files. These are named `nodemon.json` and can be located in the current working directory or in your home directory.\n\nThe specificity is as follows, so that a command line argument will always override the config file settings:\n\n- command line arguments\n- local config\n- global config\n\nA config file can take any of the command line arguments as JSON key values, for example:\n\n    {\n      "verbose": true,\n      "ignore": ["*.test.js", "fixtures/*"],\n      "execMap": {\n        "rb": "ruby",\n        "pde": "processing --sketch={{pwd}} --run"\n      }\n    }\n\nThe above `nodemon.json` file might be my global config so that I have support for ruby files and processing files, and I can simply run `nodemon demo.pde` and nodemon will automatically know how to run the script even though out of the box support for processing scripts.\n\nA further example of options can be seen in [sample-nodemon.md](https://github.com/remy/nodemon/blob/master/doc/sample-nodemon.md)\n\n*This section needs better documentation, but for now you can also see `nodemon --help config` ([also here](https://github.com/remy/nodemon/blob/master/doc/cli/config.txt))*.\n\n## Using nodemon as a module\n\nPlease see [doc/requireable.md](doc/requireable.md)\n\n## Running non-node scripts\n\nnodemon can also be used to execute and monitor other programs. nodemon will read the file extension of the script being run and monitor that extension instead of .js if there\'s no .nodemonignore:\n\n    nodemon --exec "python -v" ./app.py\n\nNow nodemon will run `app.py` with python in verbose mode (note that if you\'re not passing args to the exec program, you don\'t need the quotes), and look for new or modified files with the `.py` extension.\n\n### Default executables\n\nUsing the `nodemon.json` config file, you can define your own default executables using the `execMap` property. This is particularly useful if you\'re working with a language that isn\'t supported by default by nodemon.\n\nTo add support for nodemon to know about the .pl extension (for Perl), the nodemon.json file would add:\n\n    {\n      "execMap": {\n         "pl": "perl"\n      }\n    }\n\nNow running the following, nodemon will know to use `perl` as the executable:\n\n    nodemon script.pl\n\nIt\'s generally recommended to use the global `nodemon.json` to add your own `execMap` options. However, if there\'s a common default that\'s missing, this can be merged in to the project so that nodemon supports it by default, by changing [default.js](https://github.com/remy/nodemon/blob/master/lib/config/defaults.js) and sending a pull request.\n\n## Monitoring multiple directories\n\nBy default nodemon monitors the current working directory. If you want to take control of that option, use the `--watch` option to add specific paths:\n\n    nodemon --watch app --watch libs app/server.js\n\nNow nodemon will only restart if there are changes in the `./app` or `./libs` directory. By default nodemon will traverse sub-directories, so there\'s no need in explicitly including sub-directories.\n\n## Specifying extension watch list\n\nBy default, nodemon looks for files with the `.js`, `.coffee`, `.litcoffee`, and `.json` extensions. If you use the `--exec` option and monitor `app.py` nodemon will monitor files with the extension of `.py`. However, you can specify your own list with the `-e` (or `--ext`) switch like so:\n\n    nodemon -e js,jade\n\nNow nodemon will restart on any changes to files in the directory (or subdirectories) with the extensions .js, .jade.\n\n## Ignoring files\n\nBy default, nodemon will only restart when a `.js` JavaScript file changes. In some cases you will want to ignore some specific files, directories or file patterns, to prevent nodemon from prematurely restarting your application.\n\nThis can be done via the command line:\n\n    nodemon --ignore lib/ --ignore tests/\n\nOr specific files can be ignored:\n\n    nodemon --ignore lib/app.js\n\nPatterns can also be ignored (but be sure to quote the arguments):\n\n    nodemon --ignore \'lib/*.js\'\n\nNote that by default, nodemon will ignore the `.git`, `node_modules`, `bower_components` and `.sass-cache` directories and *add* your ignored patterns to the list. If you want to indeed watch a directory like `node_modules`, you need to [overriding the underlying default ignore rules](https://github.com/remy/nodemon/blob/master/faq.md#overriding-the-underlying-default-ignore-rules).\n\n## Application isn\'t restarting\n\nIn some networked environments (such as a container running nodemon reading across a mounted drive), you will need to use the `legacyWatch: true` which enabled Chokidar\'s polling.\n\nVia the CLI, use either `--legacy-watch` or `-L` for short:\n\n    nodemon -L\n\nThough this should be a last resort as it will poll every file it can find.\n\n## Delaying restarting\n\nIn some situations, you may want to wait until a number of files have changed. The timeout before checking for new file changes is 1 second. If you\'re uploading a number of files and it\'s taking some number of seconds, this could cause your app to restart multiple times unnecessarily.\n\nTo add an extra throttle, or delay restarting, use the `--delay` command:\n\n    nodemon --delay 10 server.js\n\nFor more precision, milliseconds can be specified.  Either as a float:\n\n    nodemon --delay 2.5 server.js\n\nOr using the time specifier (ms):\n\n    nodemon --delay 2500ms server.js\n\nThe delay figure is number of seconds (or milliseconds, if specified) to delay before restarting. So nodemon will only restart your app the given number of seconds after the *last* file change.\n\n## Controlling shutdown of your script\n\nnodemon sends a kill signal to your application when it sees a file update. If you need to clean up on shutdown inside your script you can capture the kill signal and handle it yourself.\n\nThe following example will listen once for the `SIGUSR2` signal (used by nodemon to restart), run the clean up process and then kill itself for nodemon to continue control:\n\n    process.once(\'SIGUSR2\', function () {\n      gracefulShutdown(function () {\n        process.kill(process.pid, \'SIGUSR2\');\n      });\n    });\n\nNote that the `process.kill` is *only* called once your shutdown jobs are complete. Hat tip to [Benjie Gillam](http://www.benjiegillam.com/2011/08/node-js-clean-restart-and-faster-development-with-nodemon/) for writing this technique up.\n\n## Triggering events when nodemon state changes\n\nIf you want growl like notifications when nodemon restarts or to trigger an action when an event happens, then you can either `require` nodemon or simply add event actions to your `nodemon.json` file.\n\nFor example, to trigger a notification on a Mac when nodemon restarts, `nodemon.json` looks like this:\n\n```json\n{\n  "events": {\n    "restart": "osascript -e \'display notification \\"app restarted\\" with title \\"nodemon\\"\'"\n  }\n}\n```\n\nA full list of available events is listed on the [event states wiki](https://github.com/remy/nodemon/wiki/Events#states). Note that you can bind to both states and messages.\n\n## Pipe output to somewhere else\n\n```js\nnodemon({\n  script: ...,\n  stdout: false // important: this tells nodemon not to output to console\n}).on(\'readable\', function() { // the `readable` event indicates that data is ready to pick up\n  this.stdout.pipe(fs.createWriteStream(\'output.txt\'));\n  this.stderr.pipe(fs.createWriteStream(\'err.txt\'));\n});\n```\n\n## Using io.js for nodemon\n\nIf you *only* have io.js installed (and the default install creates a symlink from `node` to `iojs`), then nodemon will work just fine out of the box (or [should](https://github.com/remy/nodemon/issues/468)).\n\nIf you\'ve got *both* node and io.js installed, then it\'s easy! You can either edit the local `nodemon.json` file (in your working directory) or in your `$HOME` directory containing:\n\n```json\n{\n  "execMap": {\n    "js": "iojs"\n  }\n}\n```\n\nNow you nodemon will use [io.js](https://iojs.org/) with JavaScript files instead of node.\n\n## Using nodemon in your gulp workflow\n\nCheck out the [gulp-nodemon](https://github.com/JacksonGariety/gulp-nodemon) plugin to integrate nodemon with the rest of your project\'s gulp workflow.\n\n## Using nodemon in your Grunt workflow\n\nCheck out the [grunt-nodemon](https://github.com/ChrisWren/grunt-nodemon) plugin to integrate nodemon with the rest of your project\'s grunt workflow.\n\n## Pronunciation\n\n> nodemon, is it pronunced: node-mon, no-demon or node-e-mon (like pokémon)?\n\nWell...I\'ve been asked this many times before. I like that I\'ve been asked this before. There\'s been bets as to which one it actually is.\n\nThe answer is simple, but possibly frustrating. I\'m not saying (how I pronounce it). It\'s up to you to call it as you like. All answers are correct :)\n\n## FAQ\n\nSee the [FAQ](https://github.com/remy/nodemon/blob/master/faq.md) and please add your own questions if you think they would help others.\n\n# License\n\nMIT [http://rem.mit-license.org](http://rem.mit-license.org)\n',
240 silly resolved     readmeFilename: 'README.md',
240 silly resolved     bugs: { url: 'https://github.com/remy/nodemon/issues' },
240 silly resolved     _id: 'nodemon@1.7.3',
240 silly resolved     dist: { shasum: '0918f32c727fd41ab9af906b79ceb17323767598' },
240 silly resolved     _from: 'nodemon@',
240 silly resolved     _resolved: 'https://registry.npmjs.org/nodemon/-/nodemon-1.7.3.tgz' } ]
241 info install nodemon@1.7.3 into /usr/local/lib
242 info installOne nodemon@1.7.3
243 info /usr/local/lib/node_modules/nodemon unbuild
244 info preuninstall nodemon@1.7.1
245 info uninstall nodemon@1.7.1
246 verbose true,/usr/local/lib/node_modules,/usr/local/lib/node_modules unbuild nodemon@1.7.1
247 verbose /usr/local/bin,[object Object] binRoot
248 info postuninstall nodemon@1.7.1
249 info /usr/local/lib/node_modules/nodemon unbuild
250 info preuninstall nodemon@1.7.1
251 info uninstall nodemon@1.7.1
252 verbose true,/usr/local/lib/node_modules,/usr/local/lib/node_modules unbuild nodemon@1.7.1
253 verbose /usr/local/bin,[object Object] binRoot
254 info postuninstall nodemon@1.7.1
255 error error rolling back Error: EACCES, unlink '/usr/local/lib/node_modules/nodemon'
255 error error rolling back  nodemon@1.7.3 { [Error: EACCES, unlink '/usr/local/lib/node_modules/nodemon']
255 error error rolling back   errno: 3,
255 error error rolling back   code: 'EACCES',
255 error error rolling back   path: '/usr/local/lib/node_modules/nodemon' }
256 error Error: EACCES, unlink '/usr/local/lib/node_modules/nodemon'
256 error  { [Error: EACCES, unlink '/usr/local/lib/node_modules/nodemon']
256 error   errno: 3,
256 error   code: 'EACCES',
256 error   path: '/usr/local/lib/node_modules/nodemon' }
257 error Please try running this command again as root/Administrator.
258 error System Darwin 14.5.0
259 error command "node" "/usr/local/bin/npm" "install" "-g" "nodemon"
260 error cwd /Users/student/projects/week8/dnd
261 error node -v v0.10.31
262 error npm -v 1.3.11
263 error path /usr/local/lib/node_modules/nodemon
264 error code EACCES
265 error errno 3
266 error stack Error: EACCES, unlink '/usr/local/lib/node_modules/nodemon'
267 verbose exit [ 3, true ]
